<?xml version="1.0" encoding="UTF-8"?>
<!-- Generated by org.testng.reporters.JUnitXMLReporter -->
<testsuite ignored="1" hostname="DESKTOP-B4ND95H" failures="0" tests="1" name="Default test(failed)" time="0.575" errors="0" timestamp="2024-04-10T17:17:23 IST">
  <testcase classname="com.testNGScripts.TestNgTestAttributes" name="test_timeout1111" time="0.519"/>
  <testcase classname="com.testNGScripts.TestNgTestAttributes" name="testEnabled" time="0.0">
    <ignored/>
  </testcase> <!-- testEnabled -->
</testsuite> <!-- Default test(failed) -->
