<?xml version="1.0" encoding="UTF-8"?>
<!-- Generated by org.testng.reporters.JUnitXMLReporter -->
<testsuite ignored="0" hostname="DESKTOP-B4ND95H" failures="0" tests="4" name="Default test" time="0.157" errors="0" timestamp="2024-07-13T12:47:26 IST">
  <testcase classname="com.testNGScripts.BeforeClass_and_BeforeGroups" name="test1" time="0.011"/>
  <testcase classname="com.testNGScripts.BeforeClass_and_BeforeGroups" name="test2" time="0.006"/>
  <testcase classname="com.testNGScripts.BeforeClass_and_BeforeGroups" name="test3" time="0.007"/>
  <testcase classname="com.testNGScripts.BeforeClass_and_BeforeGroups" name="test4" time="0.008"/>
</testsuite> <!-- Default test -->
