<?xml version="1.0" encoding="UTF-8"?>
<!-- Generated by org.testng.reporters.JUnitXMLReporter -->
<testsuite ignored="0" hostname="DESKTOP-B4ND95H" failures="1" tests="2" name="Listeners_program2" time="1.096" errors="0" timestamp="2024-07-13T22:33:08 IST">
  <testcase classname="com.testng.listeners.TestCase2" name="TestCase_1" time="1.072">
    <failure type="org.testng.internal.thread.ThreadTimeoutException" message="Method com.testng.listeners.TestCase2.TestCase_1() didn&amp;apos;t finish within the time-out 1000">
      <![CDATA[org.testng.internal.thread.ThreadTimeoutException: Method com.testng.listeners.TestCase2.TestCase_1() didn't finish within the time-out 1000
at java.base@11.0.13/java.lang.Thread.sleep(Native Method)
at app//com.testng.listeners.TestCase2.TestCase_1(TestCase2.java:11)
at java.base@11.0.13/java.util.concurrent.FutureTask.run(FutureTask.java:264)
at java.base@11.0.13/java.util.concurrent.ThreadPoolExecutor.runWorker(ThreadPoolExecutor.java:1128)
at java.base@11.0.13/java.util.concurrent.ThreadPoolExecutor$Worker.run(ThreadPoolExecutor.java:628)
at java.base@11.0.13/java.lang.Thread.run(Thread.java:834)
... Removed 8 stack frames]]>
    </failure>
  </testcase> <!-- TestCase_1 -->
  <testcase classname="com.testng.listeners.TestCase2" name="TestCase_2" time="0.001">
    <skipped/>
  </testcase> <!-- TestCase_2 -->
</testsuite> <!-- Listeners_program2 -->
