<?xml version="1.0" encoding="UTF-8"?>
<!-- Generated by org.testng.reporters.JUnitXMLReporter -->
<testsuite ignored="0" hostname="DESKTOP-B4ND95H" failures="1" tests="2" name="Listeners_program1" time="0.128" errors="0" timestamp="2024-07-13T22:33:07 IST">
  <testcase classname="com.testng.listeners.TestCase1" name="testCase1" time="0.014"/>
  <testcase classname="com.testng.listeners.TestCase1" name="testCase2" time="0.01">
    <failure type="java.lang.AssertionError" message="expected [false] but found [true]">
      <![CDATA[java.lang.AssertionError: expected [false] but found [true]
at com.testng.listeners.TestCase1.testCase2(TestCase1.java:20)
at java.base/java.util.ArrayList.forEach(ArrayList.java:1541)
... Removed 31 stack frames]]>
    </failure>
  </testcase> <!-- testCase2 -->
</testsuite> <!-- Listeners_program1 -->
