<?xml version="1.0" encoding="UTF-8"?>
<!-- Generated by org.testng.reporters.JUnitXMLReporter -->
<testsuite ignored="0" hostname="DESKTOP-B4ND95H" failures="0" tests="4" name="Test1" time="0.143" errors="0" timestamp="2024-07-16T09:42:20 IST">
  <testcase classname="com.testNGScripts.BeforeClass_and_BeforeGroups" name="test1" time="0.013"/>
  <testcase classname="com.testNGScripts.BeforeClass_and_BeforeGroups" name="test2" time="0.003"/>
  <testcase classname="com.testNGScripts.BeforeClass_and_BeforeGroups" name="test3" time="0.01"/>
  <testcase classname="com.testNGScripts.BeforeClass_and_BeforeGroups" name="test4" time="0.005"/>
</testsuite> <!-- Test1 -->
