<?xml version="1.0" encoding="UTF-8"?>
<testng-results ignored="0" total="4" passed="4" failed="0" skipped="0">
  <reporter-output>
  </reporter-output>
  <suite started-at="2024-07-16T09:42:20 IST" name="Suite" finished-at="2024-07-16T09:42:20 IST" duration-ms="143">
    <groups>
      <group name="regression">
        <method signature="BeforeClass_and_BeforeGroups.test1()[pri:0, instance:com.testNGScripts.BeforeClass_and_BeforeGroups@434a63ab]" name="test1" class="com.testNGScripts.BeforeClass_and_BeforeGroups"/>
      </group> <!-- regression -->
      <group name="sanity">
        <method signature="BeforeClass_and_BeforeGroups.test2()[pri:0, instance:com.testNGScripts.BeforeClass_and_BeforeGroups@434a63ab]" name="test2" class="com.testNGScripts.BeforeClass_and_BeforeGroups"/>
      </group> <!-- sanity -->
    </groups>
    <test started-at="2024-07-16T09:42:20 IST" name="Test1" finished-at="2024-07-16T09:42:20 IST" duration-ms="143">
      <class name="com.testNGScripts.BeforeClass_and_BeforeGroups">
        <test-method is-config="true" signature="beforeSuite()[pri:0, instance:com.testNGScripts.BeforeClass_and_BeforeGroups@434a63ab]" started-at="2024-07-16T09:42:20 IST" name="beforeSuite" finished-at="2024-07-16T09:42:20 IST" duration-ms="25" status="PASS">
          <reporter-output>
          </reporter-output>
        </test-method> <!-- beforeSuite -->
        <test-method is-config="true" signature="beforeTest()[pri:0, instance:com.testNGScripts.BeforeClass_and_BeforeGroups@434a63ab]" started-at="2024-07-16T09:42:20 IST" name="beforeTest" finished-at="2024-07-16T09:42:20 IST" duration-ms="1" status="PASS">
          <reporter-output>
          </reporter-output>
        </test-method> <!-- beforeTest -->
        <test-method is-config="true" signature="beforeClass()[pri:0, instance:com.testNGScripts.BeforeClass_and_BeforeGroups@434a63ab]" started-at="2024-07-16T09:42:20 IST" name="beforeClass" finished-at="2024-07-16T09:42:20 IST" duration-ms="0" status="PASS">
          <reporter-output>
          </reporter-output>
        </test-method> <!-- beforeClass -->
        <test-method is-config="true" signature="beforeGroups()[pri:0, instance:com.testNGScripts.BeforeClass_and_BeforeGroups@434a63ab]" started-at="2024-07-16T09:42:20 IST" name="beforeGroups" finished-at="2024-07-16T09:42:20 IST" duration-ms="1" status="PASS">
          <reporter-output>
          </reporter-output>
        </test-method> <!-- beforeGroups -->
        <test-method is-config="true" signature="beforeMethod()[pri:0, instance:com.testNGScripts.BeforeClass_and_BeforeGroups@434a63ab]" started-at="2024-07-16T09:42:20 IST" name="beforeMethod" finished-at="2024-07-16T09:42:20 IST" duration-ms="1" status="PASS">
          <reporter-output>
          </reporter-output>
        </test-method> <!-- beforeMethod -->
        <test-method signature="test1()[pri:0, instance:com.testNGScripts.BeforeClass_and_BeforeGroups@434a63ab]" started-at="2024-07-16T09:42:20 IST" name="test1" finished-at="2024-07-16T09:42:20 IST" duration-ms="13" status="PASS">
          <reporter-output>
          </reporter-output>
        </test-method> <!-- test1 -->
        <test-method is-config="true" signature="afterMethod()[pri:0, instance:com.testNGScripts.BeforeClass_and_BeforeGroups@434a63ab]" started-at="2024-07-16T09:42:20 IST" name="afterMethod" finished-at="2024-07-16T09:42:20 IST" duration-ms="1" status="PASS">
          <reporter-output>
          </reporter-output>
        </test-method> <!-- afterMethod -->
        <test-method is-config="true" signature="beforeMethod()[pri:0, instance:com.testNGScripts.BeforeClass_and_BeforeGroups@434a63ab]" started-at="2024-07-16T09:42:20 IST" name="beforeMethod" finished-at="2024-07-16T09:42:20 IST" duration-ms="1" status="PASS">
          <reporter-output>
          </reporter-output>
        </test-method> <!-- beforeMethod -->
        <test-method signature="test2()[pri:0, instance:com.testNGScripts.BeforeClass_and_BeforeGroups@434a63ab]" started-at="2024-07-16T09:42:20 IST" name="test2" finished-at="2024-07-16T09:42:20 IST" duration-ms="3" status="PASS">
          <reporter-output>
          </reporter-output>
        </test-method> <!-- test2 -->
        <test-method is-config="true" signature="afterMethod()[pri:0, instance:com.testNGScripts.BeforeClass_and_BeforeGroups@434a63ab]" started-at="2024-07-16T09:42:20 IST" name="afterMethod" finished-at="2024-07-16T09:42:20 IST" duration-ms="1" status="PASS">
          <reporter-output>
          </reporter-output>
        </test-method> <!-- afterMethod -->
        <test-method is-config="true" signature="afterGroups()[pri:0, instance:com.testNGScripts.BeforeClass_and_BeforeGroups@434a63ab]" started-at="2024-07-16T09:42:20 IST" name="afterGroups" finished-at="2024-07-16T09:42:20 IST" duration-ms="0" status="PASS">
          <reporter-output>
          </reporter-output>
        </test-method> <!-- afterGroups -->
        <test-method is-config="true" signature="beforeMethod()[pri:0, instance:com.testNGScripts.BeforeClass_and_BeforeGroups@434a63ab]" started-at="2024-07-16T09:42:20 IST" name="beforeMethod" finished-at="2024-07-16T09:42:20 IST" duration-ms="1" status="PASS">
          <reporter-output>
          </reporter-output>
        </test-method> <!-- beforeMethod -->
        <test-method signature="test3()[pri:0, instance:com.testNGScripts.BeforeClass_and_BeforeGroups@434a63ab]" started-at="2024-07-16T09:42:20 IST" name="test3" finished-at="2024-07-16T09:42:20 IST" duration-ms="10" status="PASS">
          <reporter-output>
          </reporter-output>
        </test-method> <!-- test3 -->
        <test-method is-config="true" signature="afterMethod()[pri:0, instance:com.testNGScripts.BeforeClass_and_BeforeGroups@434a63ab]" started-at="2024-07-16T09:42:20 IST" name="afterMethod" finished-at="2024-07-16T09:42:20 IST" duration-ms="3" status="PASS">
          <reporter-output>
          </reporter-output>
        </test-method> <!-- afterMethod -->
        <test-method is-config="true" signature="beforeMethod()[pri:0, instance:com.testNGScripts.BeforeClass_and_BeforeGroups@434a63ab]" started-at="2024-07-16T09:42:20 IST" name="beforeMethod" finished-at="2024-07-16T09:42:20 IST" duration-ms="2" status="PASS">
          <reporter-output>
          </reporter-output>
        </test-method> <!-- beforeMethod -->
        <test-method signature="test4()[pri:0, instance:com.testNGScripts.BeforeClass_and_BeforeGroups@434a63ab]" started-at="2024-07-16T09:42:20 IST" name="test4" finished-at="2024-07-16T09:42:20 IST" duration-ms="5" status="PASS">
          <reporter-output>
          </reporter-output>
        </test-method> <!-- test4 -->
        <test-method is-config="true" signature="afterMethod()[pri:0, instance:com.testNGScripts.BeforeClass_and_BeforeGroups@434a63ab]" started-at="2024-07-16T09:42:20 IST" name="afterMethod" finished-at="2024-07-16T09:42:20 IST" duration-ms="2" status="PASS">
          <reporter-output>
          </reporter-output>
        </test-method> <!-- afterMethod -->
        <test-method is-config="true" signature="afterClass()[pri:0, instance:com.testNGScripts.BeforeClass_and_BeforeGroups@434a63ab]" started-at="2024-07-16T09:42:20 IST" name="afterClass" finished-at="2024-07-16T09:42:20 IST" duration-ms="2" status="PASS">
          <reporter-output>
          </reporter-output>
        </test-method> <!-- afterClass -->
        <test-method is-config="true" signature="afterTest()[pri:0, instance:com.testNGScripts.BeforeClass_and_BeforeGroups@434a63ab]" started-at="2024-07-16T09:42:20 IST" name="afterTest" finished-at="2024-07-16T09:42:20 IST" duration-ms="0" status="PASS">
          <reporter-output>
          </reporter-output>
        </test-method> <!-- afterTest -->
        <test-method is-config="true" signature="afterSuite()[pri:0, instance:com.testNGScripts.BeforeClass_and_BeforeGroups@434a63ab]" started-at="2024-07-16T09:42:20 IST" name="afterSuite" finished-at="2024-07-16T09:42:20 IST" duration-ms="4" status="PASS">
          <reporter-output>
          </reporter-output>
        </test-method> <!-- afterSuite -->
      </class> <!-- com.testNGScripts.BeforeClass_and_BeforeGroups -->
    </test> <!-- Test1 -->
  </suite> <!-- Suite -->
</testng-results>
